#
# There is insufficient memory for the Java Runtime Environment to continue.
# Native memory allocation (mmap) failed to map 31457280 bytes for G1 virtual space
# Possible reasons:
#   The system is out of physical RAM or swap space
#   The process is running with CompressedOops enabled, and the Java Heap may be blocking the growth of the native heap
# Possible solutions:
#   Reduce memory load on the system
#   Increase physical memory or swap space
#   Check if swap backing store is full
#   Decrease Java heap size (-Xmx/-Xms)
#   Decrease number of Java threads
#   Decrease Java thread stack sizes (-Xss)
#   Set larger code cache with -XX:ReservedCodeCacheSize=
#   JVM is running with Unscaled Compressed Oops mode in which the Java heap is
#     placed in the first 4GB address space. The Java Heap base address is the
#     maximum limit for the native heap growth. Please use -XX:HeapBaseMinAddress
#     to set the Java Heap base and to place the Java Heap above 4GB virtual address.
# This output file may be truncated or incomplete.
#
#  Out of Memory Error (os_windows.cpp:3825), pid=13984, tid=7960
#
# JRE version: OpenJDK Runtime Environment (17.0.10) (build 17.0.10+0--11572160)
# Java VM: OpenJDK 64-Bit Server VM (17.0.10+0--11572160, mixed mode, tiered, compressed oops, compressed class ptrs, g1 gc, windows-amd64)
# No core dump will be written. Minidumps are not enabled by default on client versions of Windows
#

---------------  S U M M A R Y ------------

Command Line: --add-opens=java.base/java.util=ALL-UNNAMED --add-opens=java.base/java.lang=ALL-UNNAMED --add-opens=java.base/java.lang.invoke=ALL-UNNAMED --add-opens=java.base/java.util=ALL-UNNAMED --add-opens=java.prefs/java.util.prefs=ALL-UNNAMED --add-opens=java.prefs/java.util.prefs=ALL-UNNAMED --add-opens=java.base/java.nio.charset=ALL-UNNAMED --add-opens=java.base/java.net=ALL-UNNAMED --add-opens=java.base/java.util.concurrent.atomic=ALL-UNNAMED -Xmx2048m -Dfile.encoding=UTF-8 -Duser.country=US -Duser.language=en -Duser.variant org.gradle.launcher.daemon.bootstrap.GradleDaemon 7.5

Host: Intel(R) Core(TM) i3-1005G1 CPU @ 1.20GHz, 4 cores, 7G,  Windows 10 , 64 bit Build 19041 (10.0.19041.3636)
Time: Wed Jun 12 19:07:57 2024 Eastern Daylight Time elapsed time: 23.340197 seconds (0d 0h 0m 23s)

---------------  T H R E A D  ---------------

Current thread (0x000001b97b724020):  VMThread "VM Thread" [stack: 0x0000006d57a00000,0x0000006d57b00000] [id=7960]

Stack: [0x0000006d57a00000,0x0000006d57b00000]
Native frames: (J=compiled Java code, j=interpreted, Vv=VM code, C=native code)
V  [jvm.dll+0x688e89]
V  [jvm.dll+0x84247a]
V  [jvm.dll+0x8440be]
V  [jvm.dll+0x844723]
V  [jvm.dll+0x24be0f]
V  [jvm.dll+0x685c59]
V  [jvm.dll+0x67a50a]
V  [jvm.dll+0x30cbab]
V  [jvm.dll+0x314056]
V  [jvm.dll+0x363dce]
V  [jvm.dll+0x363fff]
V  [jvm.dll+0x2e2978]
V  [jvm.dll+0x2e0b54]
V  [jvm.dll+0x2e015c]
V  [jvm.dll+0x32502b]
V  [jvm.dll+0x848e1b]
V  [jvm.dll+0x849b61]
V  [jvm.dll+0x84a07d]
V  [jvm.dll+0x84a454]
V  [jvm.dll+0x84a520]
V  [jvm.dll+0x7f0d1a]
V  [jvm.dll+0x687d05]
C  [ucrtbase.dll+0x21bb2]
C  [KERNEL32.DLL+0x17344]
C  [ntdll.dll+0x526b1]

VM_Operation (0x0000006d59afe7f0): G1CollectForAllocation, mode: safepoint, requested by thread 0x000001b905e14f20


---------------  P R O C E S S  ---------------

Threads class SMR info:
_java_thread_list=0x000001b90464f6d0, length=37, elements={
0x000001b9601cdbb0, 0x000001b97b737620, 0x000001b97b6f9be0, 0x000001b97b70fac0,
0x000001b97b710590, 0x000001b97b710e60, 0x000001b97b711730, 0x000001b90401ce70,
0x000001b904030f30, 0x000001b90404f400, 0x000001b9041bb040, 0x000001b9041bd970,
0x000001b905c15070, 0x000001b905b0c3f0, 0x000001b905c9eba0, 0x000001b905c98050,
0x000001b90502aa40, 0x000001b905edd030, 0x000001b905d09060, 0x000001b905d09d60,
0x000001b904fc88d0, 0x000001b904fc7eb0, 0x000001b904fc5120, 0x000001b904fc5630,
0x000001b904fc7490, 0x000001b905e126a0, 0x000001b905e17cb0, 0x000001b905e12bb0,
0x000001b905e14f20, 0x000001b905e186d0, 0x000001b905e11260, 0x000001b905e16d80,
0x000001b905e130c0, 0x000001b905e177a0, 0x000001b905e11c80, 0x000001b905e135d0,
0x000001b905e11770
}

Java Threads: ( => current thread )
  0x000001b9601cdbb0 JavaThread "main" [_thread_blocked, id=11048, stack(0x0000006d57400000,0x0000006d57500000)]
  0x000001b97b737620 JavaThread "Reference Handler" daemon [_thread_blocked, id=7924, stack(0x0000006d57b00000,0x0000006d57c00000)]
  0x000001b97b6f9be0 JavaThread "Finalizer" daemon [_thread_blocked, id=4376, stack(0x0000006d57c00000,0x0000006d57d00000)]
  0x000001b97b70fac0 JavaThread "Signal Dispatcher" daemon [_thread_blocked, id=15984, stack(0x0000006d57d00000,0x0000006d57e00000)]
  0x000001b97b710590 JavaThread "Attach Listener" daemon [_thread_blocked, id=676, stack(0x0000006d57e00000,0x0000006d57f00000)]
  0x000001b97b710e60 JavaThread "Service Thread" daemon [_thread_blocked, id=5364, stack(0x0000006d57f00000,0x0000006d58000000)]
  0x000001b97b711730 JavaThread "Monitor Deflation Thread" daemon [_thread_blocked, id=460, stack(0x0000006d58000000,0x0000006d58100000)]
  0x000001b90401ce70 JavaThread "C2 CompilerThread0" daemon [_thread_blocked, id=10052, stack(0x0000006d58100000,0x0000006d58200000)]
  0x000001b904030f30 JavaThread "C1 CompilerThread0" daemon [_thread_blocked, id=3356, stack(0x0000006d58200000,0x0000006d58300000)]
  0x000001b90404f400 JavaThread "Sweeper thread" daemon [_thread_blocked, id=15196, stack(0x0000006d58300000,0x0000006d58400000)]
  0x000001b9041bb040 JavaThread "Common-Cleaner" daemon [_thread_blocked, id=7056, stack(0x0000006d58400000,0x0000006d58500000)]
  0x000001b9041bd970 JavaThread "Notification Thread" daemon [_thread_blocked, id=17540, stack(0x0000006d58500000,0x0000006d58600000)]
  0x000001b905c15070 JavaThread "Daemon health stats" [_thread_blocked, id=18192, stack(0x0000006d58a00000,0x0000006d58b00000)]
  0x000001b905b0c3f0 JavaThread "Incoming local TCP Connector on port 62025" [_thread_in_native, id=18204, stack(0x0000006d58b00000,0x0000006d58c00000)]
  0x000001b905c9eba0 JavaThread "Daemon periodic checks" [_thread_blocked, id=2464, stack(0x0000006d58c00000,0x0000006d58d00000)]
  0x000001b905c98050 JavaThread "Daemon" [_thread_blocked, id=18200, stack(0x0000006d58d00000,0x0000006d58e00000)]
  0x000001b90502aa40 JavaThread "Handler for socket connection from /127.0.0.1:62025 to /127.0.0.1:62026" [_thread_in_native, id=18256, stack(0x0000006d58e00000,0x0000006d58f00000)]
  0x000001b905edd030 JavaThread "Cancel handler" [_thread_blocked, id=16736, stack(0x0000006d58f00000,0x0000006d59000000)]
  0x000001b905d09060 JavaThread "Daemon worker" [_thread_blocked, id=18132, stack(0x0000006d59000000,0x0000006d59100000)]
  0x000001b905d09d60 JavaThread "Asynchronous log dispatcher for DefaultDaemonConnection: socket connection from /127.0.0.1:62025 to /127.0.0.1:62026" [_thread_blocked, id=18128, stack(0x0000006d59100000,0x0000006d59200000)]
  0x000001b904fc88d0 JavaThread "Stdin handler" [_thread_blocked, id=18120, stack(0x0000006d59200000,0x0000006d59300000)]
  0x000001b904fc7eb0 JavaThread "Daemon client event forwarder" [_thread_blocked, id=18124, stack(0x0000006d59300000,0x0000006d59400000)]
  0x000001b904fc5120 JavaThread "Cache worker for journal cache (C:\Users\eleaz\.gradle\caches\journal-1)" [_thread_blocked, id=18112, stack(0x0000006d59400000,0x0000006d59500000)]
  0x000001b904fc5630 JavaThread "File lock request listener" [_thread_in_native, id=17724, stack(0x0000006d59500000,0x0000006d59600000)]
  0x000001b904fc7490 JavaThread "Cache worker for file hash cache (C:\Users\eleaz\.gradle\caches\7.5\fileHashes)" [_thread_blocked, id=412, stack(0x0000006d59600000,0x0000006d59700000)]
  0x000001b905e126a0 JavaThread "File watcher server" daemon [_thread_in_native, id=8804, stack(0x0000006d59700000,0x0000006d59800000)]
  0x000001b905e17cb0 JavaThread "File watcher consumer" daemon [_thread_blocked, id=9292, stack(0x0000006d59800000,0x0000006d59900000)]
  0x000001b905e12bb0 JavaThread "jar transforms" [_thread_blocked, id=9120, stack(0x0000006d59900000,0x0000006d59a00000)]
  0x000001b905e14f20 JavaThread "jar transforms Thread 2" [_thread_blocked, id=7956, stack(0x0000006d59a00000,0x0000006d59b00000)]
  0x000001b905e186d0 JavaThread "jar transforms Thread 3" [_thread_blocked, id=11428, stack(0x0000006d59b00000,0x0000006d59c00000)]
  0x000001b905e11260 JavaThread "jar transforms Thread 4" [_thread_blocked, id=14584, stack(0x0000006d59c00000,0x0000006d59d00000)]
  0x000001b905e16d80 JavaThread "Cache worker for checksums cache (C:\Users\eleaz\AndroidStudioProjects\LoginRegistrationAndroid\.gradle\7.5\checksums)" [_thread_blocked, id=17984, stack(0x0000006d59d00000,0x0000006d59e00000)]
  0x000001b905e130c0 JavaThread "Cache worker for cache directory md-rule (C:\Users\eleaz\.gradle\caches\7.5\md-rule)" [_thread_blocked, id=4092, stack(0x0000006d59e00000,0x0000006d59f00000)]
  0x000001b905e177a0 JavaThread "Cache worker for file content cache (C:\Users\eleaz\.gradle\caches\7.5\fileContent)" [_thread_blocked, id=3376, stack(0x0000006d59f00000,0x0000006d5a000000)]
  0x000001b905e11c80 JavaThread "Cache worker for file hash cache (C:\Users\eleaz\AndroidStudioProjects\LoginRegistrationAndroid\.gradle\7.5\fileHashes)" [_thread_blocked, id=18316, stack(0x0000006d5a000000,0x0000006d5a100000)]
  0x000001b905e135d0 JavaThread "Cache worker for cache directory md-supplier (C:\Users\eleaz\.gradle\caches\7.5\md-supplier)" [_thread_blocked, id=8708, stack(0x0000006d5a100000,0x0000006d5a200000)]
  0x000001b905e11770 JavaThread "Cache worker for execution history cache (C:\Users\eleaz\.gradle\caches\7.5\executionHistory)" [_thread_blocked, id=15632, stack(0x0000006d5a200000,0x0000006d5a300000)]

Other Threads:
=>0x000001b97b724020 VMThread "VM Thread" [stack: 0x0000006d57a00000,0x0000006d57b00000] [id=7960]
  0x000001b9041bde50 WatcherThread [stack: 0x0000006d58600000,0x0000006d58700000] [id=18000]
  0x000001b960229fd0 GCTaskThread "GC Thread#0" [stack: 0x0000006d57500000,0x0000006d57600000] [id=2168]
  0x000001b9043d9b10 GCTaskThread "GC Thread#1" [stack: 0x0000006d58700000,0x0000006d58800000] [id=18208]
  0x000001b904551740 GCTaskThread "GC Thread#2" [stack: 0x0000006d58800000,0x0000006d58900000] [id=17356]
  0x000001b9054831d0 GCTaskThread "GC Thread#3" [stack: 0x0000006d58900000,0x0000006d58a00000] [id=17916]
  0x000001b96023b5d0 ConcurrentGCThread "G1 Main Marker" [stack: 0x0000006d57600000,0x0000006d57700000] [id=16652]
  0x000001b96023bf00 ConcurrentGCThread "G1 Conc#0" [stack: 0x0000006d57700000,0x0000006d57800000] [id=7612]
  0x000001b96028de00 ConcurrentGCThread "G1 Refine#0" [stack: 0x0000006d57800000,0x0000006d57900000] [id=13044]
  0x000001b96028e740 ConcurrentGCThread "G1 Service" [stack: 0x0000006d57900000,0x0000006d57a00000] [id=7060]

Threads with active compile tasks:
C2 CompilerThread0    23400 6282 %     4       org.objectweb.asm.ClassReader::readCode @ 92 (5109 bytes)

VM state: at safepoint (normal execution)

VM Mutex/Monitor currently owned by a thread:  ([mutex/lock_event])
[0x000001b9601c93d0] Threads_lock - owner thread: 0x000001b97b724020
[0x000001b9601c97c0] Heap_lock - owner thread: 0x000001b905e14f20

Heap address: 0x0000000080000000, size: 2048 MB, Compressed Oops mode: 32-bit

CDS archive(s) not mapped
Compressed class space mapped at: 0x0000000100000000-0x0000000140000000, reserved size: 1073741824
Narrow klass base: 0x0000000000000000, Narrow klass shift: 3, Narrow klass range: 0x140000000

GC Precious Log:
 CPUs: 4 total, 4 available
 Memory: 7879M
 Large Page Support: Disabled
 NUMA Support: Disabled
 Compressed Oops: Enabled (32-bit)
 Heap Region Size: 1M
 Heap Min Capacity: 8M
 Heap Initial Capacity: 124M
 Heap Max Capacity: 2G
 Pre-touch: Disabled
 Parallel Workers: 4
 Concurrent Workers: 1
 Concurrent Refinement Workers: 4
 Periodic GC: Disabled

Heap:
 garbage-first heap   total 151552K, used 63814K [0x0000000080000000, 0x0000000100000000)
  region size 1024K, 6 young (6144K), 6 survivors (6144K)
 Metaspace       used 52038K, committed 52480K, reserved 1114112K
  class space    used 6895K, committed 7104K, reserved 1048576K

Heap Regions: E=young(eden), S=young(survivor), O=old, HS=humongous(starts), HC=humongous(continues), CS=collection set, F=free, OA=open archive, CA=closed archive, TAMS=top-at-mark-start (previous, next)
|   0|0x0000000080000000, 0x0000000080100000, 0x0000000080100000|100%|HS|  |TAMS 0x0000000080100000, 0x0000000080000000| Complete 
|   1|0x0000000080100000, 0x0000000080200000, 0x0000000080200000|100%|HC|  |TAMS 0x0000000080200000, 0x0000000080100000| Complete 
|   2|0x0000000080200000, 0x0000000080300000, 0x0000000080300000|100%|HC|  |TAMS 0x0000000080300000, 0x0000000080200000| Complete 
|   3|0x0000000080300000, 0x0000000080400000, 0x0000000080400000|100%| O|  |TAMS 0x0000000080400000, 0x0000000080300000| Untracked 
|   4|0x0000000080400000, 0x0000000080500000, 0x0000000080500000|100%| O|  |TAMS 0x0000000080500000, 0x0000000080400000| Untracked 
|   5|0x0000000080500000, 0x0000000080600000, 0x0000000080600000|100%| O|  |TAMS 0x0000000080600000, 0x0000000080500000| Untracked 
|   6|0x0000000080600000, 0x0000000080700000, 0x0000000080700000|100%| O|  |TAMS 0x0000000080700000, 0x0000000080600000| Untracked 
|   7|0x0000000080700000, 0x0000000080800000, 0x0000000080800000|100%| O|  |TAMS 0x0000000080800000, 0x0000000080700000| Untracked 
|   8|0x0000000080800000, 0x0000000080900000, 0x0000000080900000|100%| O|  |TAMS 0x0000000080900000, 0x0000000080800000| Untracked 
|   9|0x0000000080900000, 0x0000000080a00000, 0x0000000080a00000|100%| O|  |TAMS 0x0000000080a00000, 0x0000000080900000| Untracked 
|  10|0x0000000080a00000, 0x0000000080b00000, 0x0000000080b00000|100%| O|  |TAMS 0x0000000080a00000, 0x0000000080a00000| Untracked 
|  11|0x0000000080b00000, 0x0000000080c00000, 0x0000000080c00000|100%| O|  |TAMS 0x0000000080c00000, 0x0000000080b00000| Untracked 
|  12|0x0000000080c00000, 0x0000000080d00000, 0x0000000080d00000|100%| O|  |TAMS 0x0000000080d00000, 0x0000000080c00000| Untracked 
|  13|0x0000000080d00000, 0x0000000080e00000, 0x0000000080e00000|100%| O|  |TAMS 0x0000000080e00000, 0x0000000080d00000| Untracked 
|  14|0x0000000080e00000, 0x0000000080f00000, 0x0000000080f00000|100%| O|  |TAMS 0x0000000080f00000, 0x0000000080e00000| Untracked 
|  15|0x0000000080f00000, 0x0000000081000000, 0x0000000081000000|100%| O|  |TAMS 0x0000000081000000, 0x0000000080f00000| Untracked 
|  16|0x0000000081000000, 0x0000000081100000, 0x0000000081100000|100%| O|  |TAMS 0x0000000081100000, 0x0000000081000000| Untracked 
|  17|0x0000000081100000, 0x0000000081200000, 0x0000000081200000|100%| O|  |TAMS 0x0000000081200000, 0x0000000081100000| Untracked 
|  18|0x0000000081200000, 0x0000000081300000, 0x0000000081300000|100%|HS|  |TAMS 0x0000000081300000, 0x0000000081200000| Complete 
|  19|0x0000000081300000, 0x0000000081400000, 0x0000000081400000|100%|HC|  |TAMS 0x0000000081400000, 0x0000000081300000| Complete 
|  20|0x0000000081400000, 0x0000000081500000, 0x0000000081500000|100%|HS|  |TAMS 0x0000000081500000, 0x0000000081400000| Complete 
|  21|0x0000000081500000, 0x0000000081600000, 0x0000000081600000|100%|HC|  |TAMS 0x0000000081600000, 0x0000000081500000| Complete 
|  22|0x0000000081600000, 0x0000000081700000, 0x0000000081700000|100%|HC|  |TAMS 0x0000000081700000, 0x0000000081600000| Complete 
|  23|0x0000000081700000, 0x0000000081800000, 0x0000000081800000|100%| O|  |TAMS 0x0000000081800000, 0x0000000081700000| Untracked 
|  24|0x0000000081800000, 0x0000000081900000, 0x0000000081900000|100%| O|  |TAMS 0x0000000081900000, 0x0000000081800000| Untracked 
|  25|0x0000000081900000, 0x0000000081a00000, 0x0000000081a00000|100%| O|  |TAMS 0x0000000081a00000, 0x0000000081900000| Untracked 
|  26|0x0000000081a00000, 0x0000000081b00000, 0x0000000081b00000|100%|HS|  |TAMS 0x0000000081b00000, 0x0000000081a00000| Complete 
|  27|0x0000000081b00000, 0x0000000081c00000, 0x0000000081c00000|100%|HC|  |TAMS 0x0000000081c00000, 0x0000000081b00000| Complete 
|  28|0x0000000081c00000, 0x0000000081d00000, 0x0000000081d00000|100%|HC|  |TAMS 0x0000000081d00000, 0x0000000081c00000| Complete 
|  29|0x0000000081d00000, 0x0000000081e00000, 0x0000000081e00000|100%|HS|  |TAMS 0x0000000081e00000, 0x0000000081d00000| Complete 
|  30|0x0000000081e00000, 0x0000000081f00000, 0x0000000081f00000|100%|HC|  |TAMS 0x0000000081f00000, 0x0000000081e00000| Complete 
|  31|0x0000000081f00000, 0x0000000082000000, 0x0000000082000000|100%|HC|  |TAMS 0x0000000082000000, 0x0000000081f00000| Complete 
|  32|0x0000000082000000, 0x0000000082100000, 0x0000000082100000|100%| O|  |TAMS 0x0000000082100000, 0x0000000082000000| Untracked 
|  33|0x0000000082100000, 0x0000000082200000, 0x0000000082200000|100%| O|  |TAMS 0x0000000082200000, 0x0000000082100000| Untracked 
|  34|0x0000000082200000, 0x0000000082300000, 0x0000000082300000|100%| O|  |TAMS 0x0000000082300000, 0x0000000082200000| Untracked 
|  35|0x0000000082300000, 0x0000000082400000, 0x0000000082400000|100%| O|  |TAMS 0x0000000082400000, 0x0000000082300000| Untracked 
|  36|0x0000000082400000, 0x0000000082500000, 0x0000000082500000|100%| O|  |TAMS 0x0000000082500000, 0x0000000082400000| Untracked 
|  37|0x0000000082500000, 0x0000000082600000, 0x0000000082600000|100%| O|  |TAMS 0x0000000082600000, 0x0000000082500000| Untracked 
|  38|0x0000000082600000, 0x0000000082700000, 0x0000000082700000|100%| O|  |TAMS 0x0000000082700000, 0x0000000082600000| Untracked 
|  39|0x0000000082700000, 0x0000000082800000, 0x0000000082800000|100%| O|  |TAMS 0x0000000082800000, 0x0000000082700000| Untracked 
|  40|0x0000000082800000, 0x0000000082900000, 0x0000000082900000|100%| O|  |TAMS 0x0000000082900000, 0x0000000082800000| Untracked 
|  41|0x0000000082900000, 0x0000000082a00000, 0x0000000082a00000|100%| O|  |TAMS 0x0000000082a00000, 0x0000000082900000| Untracked 
|  42|0x0000000082a00000, 0x0000000082b00000, 0x0000000082b00000|100%| O|  |TAMS 0x0000000082a27600, 0x0000000082a00000| Untracked 
|  43|0x0000000082b00000, 0x0000000082c00000, 0x0000000082c00000|100%| O|  |TAMS 0x0000000082c00000, 0x0000000082b00000| Untracked 
|  44|0x0000000082c00000, 0x0000000082d00000, 0x0000000082d00000|100%| O|  |TAMS 0x0000000082d00000, 0x0000000082c00000| Untracked 
|  45|0x0000000082d00000, 0x0000000082e00000, 0x0000000082e00000|100%| O|  |TAMS 0x0000000082e00000, 0x0000000082d00000| Untracked 
|  46|0x0000000082e00000, 0x0000000082f00000, 0x0000000082f00000|100%| O|  |TAMS 0x0000000082f00000, 0x0000000082e00000| Untracked 
|  47|0x0000000082f00000, 0x0000000083000000, 0x0000000083000000|100%| O|  |TAMS 0x0000000083000000, 0x0000000082f00000| Untracked 
|  48|0x0000000083000000, 0x0000000083100000, 0x0000000083100000|100%|HS|  |TAMS 0x0000000083000000, 0x0000000083000000| Complete 
|  49|0x0000000083100000, 0x0000000083200000, 0x0000000083200000|100%|HC|  |TAMS 0x0000000083100000, 0x0000000083100000| Complete 
|  50|0x0000000083200000, 0x0000000083300000, 0x0000000083300000|100%|HC|  |TAMS 0x0000000083200000, 0x0000000083200000| Complete 
|  51|0x0000000083300000, 0x0000000083400000, 0x0000000083400000|100%| O|  |TAMS 0x0000000083300000, 0x0000000083300000| Untracked 
|  52|0x0000000083400000, 0x0000000083500000, 0x0000000083500000|100%| O|  |TAMS 0x0000000083500000, 0x0000000083400000| Untracked 
|  53|0x0000000083500000, 0x00000000835a6000, 0x0000000083600000| 64%| O|  |TAMS 0x0000000083500000, 0x0000000083500000| Untracked 
|  54|0x0000000083600000, 0x0000000083700000, 0x0000000083700000|100%|HS|  |TAMS 0x0000000083600000, 0x0000000083600000| Complete 
|  55|0x0000000083700000, 0x0000000083800000, 0x0000000083800000|100%|HC|  |TAMS 0x0000000083700000, 0x0000000083700000| Complete 
|  56|0x0000000083800000, 0x0000000083900000, 0x0000000083900000|100%|HC|  |TAMS 0x0000000083800000, 0x0000000083800000| Complete 
|  57|0x0000000083900000, 0x0000000083900000, 0x0000000083a00000|  0%| F|  |TAMS 0x0000000083900000, 0x0000000083900000| Untracked 
|  58|0x0000000083a00000, 0x0000000083a00000, 0x0000000083b00000|  0%| F|  |TAMS 0x0000000083a00000, 0x0000000083a00000| Untracked 
|  59|0x0000000083b00000, 0x0000000083b00000, 0x0000000083c00000|  0%| F|  |TAMS 0x0000000083b00000, 0x0000000083b00000| Untracked 
|  60|0x0000000083c00000, 0x0000000083c00000, 0x0000000083d00000|  0%| F|  |TAMS 0x0000000083c00000, 0x0000000083c00000| Untracked 
|  61|0x0000000083d00000, 0x0000000083d00000, 0x0000000083e00000|  0%| F|  |TAMS 0x0000000083d00000, 0x0000000083d00000| Untracked 
|  62|0x0000000083e00000, 0x0000000083e00000, 0x0000000083f00000|  0%| F|  |TAMS 0x0000000083e00000, 0x0000000083e00000| Untracked 
|  63|0x0000000083f00000, 0x0000000083f00000, 0x0000000084000000|  0%| F|  |TAMS 0x0000000083f00000, 0x0000000083f00000| Untracked 
|  64|0x0000000084000000, 0x0000000084000000, 0x0000000084100000|  0%| F|  |TAMS 0x0000000084000000, 0x0000000084000000| Untracked 
|  65|0x0000000084100000, 0x0000000084100000, 0x0000000084200000|  0%| F|  |TAMS 0x0000000084100000, 0x0000000084100000| Untracked 
|  66|0x0000000084200000, 0x0000000084200000, 0x0000000084300000|  0%| F|  |TAMS 0x0000000084200000, 0x0000000084200000| Untracked 
|  67|0x0000000084300000, 0x0000000084300000, 0x0000000084400000|  0%| F|  |TAMS 0x0000000084300000, 0x0000000084300000| Untracked 
|  68|0x0000000084400000, 0x0000000084400000, 0x0000000084500000|  0%| F|  |TAMS 0x0000000084400000, 0x0000000084400000| Untracked 
|  69|0x0000000084500000, 0x00000000845aba08, 0x0000000084600000| 67%| S|CS|TAMS 0x0000000084500000, 0x0000000084500000| Complete 
|  70|0x0000000084600000, 0x0000000084700000, 0x0000000084700000|100%| S|CS|TAMS 0x0000000084600000, 0x0000000084600000| Complete 
|  71|0x0000000084700000, 0x0000000084800000, 0x0000000084800000|100%| S|CS|TAMS 0x0000000084700000, 0x0000000084700000| Complete 
|  72|0x0000000084800000, 0x0000000084900000, 0x0000000084900000|100%| S|CS|TAMS 0x0000000084800000, 0x0000000084800000| Complete 
|  73|0x0000000084900000, 0x0000000084900000, 0x0000000084a00000|  0%| F|  |TAMS 0x0000000084900000, 0x0000000084900000| Untracked 
|  74|0x0000000084a00000, 0x0000000084a00000, 0x0000000084b00000|  0%| F|  |TAMS 0x0000000084a00000, 0x0000000084a00000| Untracked 
|  75|0x0000000084b00000, 0x0000000084b00000, 0x0000000084c00000|  0%| F|  |TAMS 0x0000000084b00000, 0x0000000084b00000| Untracked 
|  76|0x0000000084c00000, 0x0000000084c00000, 0x0000000084d00000|  0%| F|  |TAMS 0x0000000084c00000, 0x0000000084c00000| Untracked 
|  77|0x0000000084d00000, 0x0000000084d00000, 0x0000000084e00000|  0%| F|  |TAMS 0x0000000084d00000, 0x0000000084d00000| Untracked 
|  78|0x0000000084e00000, 0x0000000084e00000, 0x0000000084f00000|  0%| F|  |TAMS 0x0000000084e00000, 0x0000000084e00000| Untracked 
|  79|0x0000000084f00000, 0x0000000085000000, 0x0000000085000000|100%| S|CS|TAMS 0x0000000084f00000, 0x0000000084f00000| Complete 
|  80|0x0000000085000000, 0x0000000085100000, 0x0000000085100000|100%| S|CS|TAMS 0x0000000085000000, 0x0000000085000000| Complete 
|  81|0x0000000085100000, 0x0000000085100000, 0x0000000085200000|  0%| F|  |TAMS 0x0000000085100000, 0x0000000085100000| Untracked 
|  82|0x0000000085200000, 0x0000000085200000, 0x0000000085300000|  0%| F|  |TAMS 0x0000000085200000, 0x0000000085200000| Untracked 
|  83|0x0000000085300000, 0x0000000085300000, 0x0000000085400000|  0%| F|  |TAMS 0x0000000085300000, 0x0000000085300000| Untracked 
|  84|0x0000000085400000, 0x0000000085400000, 0x0000000085500000|  0%| F|  |TAMS 0x0000000085400000, 0x0000000085400000| Untracked 
|  85|0x0000000085500000, 0x0000000085500000, 0x0000000085600000|  0%| F|  |TAMS 0x0000000085500000, 0x0000000085500000| Untracked 
|  86|0x0000000085600000, 0x0000000085600000, 0x0000000085700000|  0%| F|  |TAMS 0x0000000085600000, 0x0000000085600000| Untracked 
|  87|0x0000000085700000, 0x0000000085700000, 0x0000000085800000|  0%| F|  |TAMS 0x0000000085700000, 0x0000000085700000| Untracked 
|  88|0x0000000085800000, 0x0000000085800000, 0x0000000085900000|  0%| F|  |TAMS 0x0000000085800000, 0x0000000085800000| Untracked 
|  89|0x0000000085900000, 0x0000000085900000, 0x0000000085a00000|  0%| F|  |TAMS 0x0000000085900000, 0x0000000085900000| Untracked 
|  90|0x0000000085a00000, 0x0000000085a00000, 0x0000000085b00000|  0%| F|  |TAMS 0x0000000085a00000, 0x0000000085a00000| Untracked 
|  91|0x0000000085b00000, 0x0000000085b00000, 0x0000000085c00000|  0%| F|  |TAMS 0x0000000085b00000, 0x0000000085b00000| Untracked 
|  92|0x0000000085c00000, 0x0000000085c00000, 0x0000000085d00000|  0%| F|  |TAMS 0x0000000085c00000, 0x0000000085c00000| Untracked 
|  93|0x0000000085d00000, 0x0000000085d00000, 0x0000000085e00000|  0%| F|  |TAMS 0x0000000085d00000, 0x0000000085d00000| Untracked 
|  94|0x0000000085e00000, 0x0000000085e00000, 0x0000000085f00000|  0%| F|  |TAMS 0x0000000085e00000, 0x0000000085e00000| Untracked 
|  95|0x0000000085f00000, 0x0000000085f00000, 0x0000000086000000|  0%| F|  |TAMS 0x0000000085f00000, 0x0000000085f00000| Untracked 
|  96|0x0000000086000000, 0x0000000086000000, 0x0000000086100000|  0%| F|  |TAMS 0x0000000086000000, 0x0000000086000000| Untracked 
|  97|0x0000000086100000, 0x0000000086100000, 0x0000000086200000|  0%| F|  |TAMS 0x0000000086100000, 0x0000000086100000| Untracked 
|  98|0x0000000086200000, 0x0000000086200000, 0x0000000086300000|  0%| F|  |TAMS 0x0000000086200000, 0x0000000086200000| Untracked 
|  99|0x0000000086300000, 0x0000000086300000, 0x0000000086400000|  0%| F|  |TAMS 0x0000000086300000, 0x0000000086300000| Untracked 
| 100|0x0000000086400000, 0x0000000086400000, 0x0000000086500000|  0%| F|  |TAMS 0x0000000086400000, 0x0000000086400000| Untracked 
| 101|0x0000000086500000, 0x0000000086500000, 0x0000000086600000|  0%| F|  |TAMS 0x0000000086500000, 0x0000000086500000| Untracked 
| 102|0x0000000086600000, 0x0000000086600000, 0x0000000086700000|  0%| F|  |TAMS 0x0000000086600000, 0x0000000086600000| Untracked 
| 103|0x0000000086700000, 0x0000000086700000, 0x0000000086800000|  0%| F|  |TAMS 0x0000000086700000, 0x0000000086700000| Untracked 
| 104|0x0000000086800000, 0x0000000086800000, 0x0000000086900000|  0%| F|  |TAMS 0x0000000086800000, 0x0000000086800000| Untracked 
| 105|0x0000000086900000, 0x0000000086900000, 0x0000000086a00000|  0%| F|  |TAMS 0x0000000086900000, 0x0000000086900000| Untracked 
| 106|0x0000000086a00000, 0x0000000086a00000, 0x0000000086b00000|  0%| F|  |TAMS 0x0000000086a00000, 0x0000000086a00000| Untracked 
| 107|0x0000000086b00000, 0x0000000086b00000, 0x0000000086c00000|  0%| F|  |TAMS 0x0000000086b00000, 0x0000000086b00000| Untracked 
| 108|0x0000000086c00000, 0x0000000086c00000, 0x0000000086d00000|  0%| F|  |TAMS 0x0000000086c00000, 0x0000000086c00000| Untracked 
| 109|0x0000000086d00000, 0x0000000086d00000, 0x0000000086e00000|  0%| F|  |TAMS 0x0000000086d00000, 0x0000000086d00000| Untracked 
| 110|0x0000000086e00000, 0x0000000086e00000, 0x0000000086f00000|  0%| F|  |TAMS 0x0000000086e00000, 0x0000000086e00000| Untracked 
| 111|0x0000000086f00000, 0x0000000086f00000, 0x0000000087000000|  0%| F|  |TAMS 0x0000000086f00000, 0x0000000086f00000| Untracked 
| 112|0x0000000087000000, 0x0000000087000000, 0x0000000087100000|  0%| F|  |TAMS 0x0000000087000000, 0x0000000087000000| Untracked 
| 113|0x0000000087100000, 0x0000000087100000, 0x0000000087200000|  0%| F|  |TAMS 0x0000000087100000, 0x0000000087100000| Untracked 
| 114|0x0000000087200000, 0x0000000087200000, 0x0000000087300000|  0%| F|  |TAMS 0x0000000087200000, 0x0000000087200000| Untracked 
| 115|0x0000000087300000, 0x0000000087300000, 0x0000000087400000|  0%| F|  |TAMS 0x0000000087300000, 0x0000000087300000| Untracked 
| 116|0x0000000087400000, 0x0000000087400000, 0x0000000087500000|  0%| F|  |TAMS 0x0000000087400000, 0x0000000087400000| Untracked 
| 117|0x0000000087500000, 0x0000000087500000, 0x0000000087600000|  0%| F|  |TAMS 0x0000000087500000, 0x0000000087500000| Untracked 
| 118|0x0000000087600000, 0x0000000087600000, 0x0000000087700000|  0%| F|  |TAMS 0x0000000087600000, 0x0000000087600000| Untracked 
| 119|0x0000000087700000, 0x0000000087700000, 0x0000000087800000|  0%| F|  |TAMS 0x0000000087700000, 0x0000000087700000| Untracked 
| 120|0x0000000087800000, 0x0000000087800000, 0x0000000087900000|  0%| F|  |TAMS 0x0000000087800000, 0x0000000087800000| Untracked 
| 121|0x0000000087900000, 0x0000000087900000, 0x0000000087a00000|  0%| F|  |TAMS 0x0000000087900000, 0x0000000087900000| Untracked 
| 122|0x0000000087a00000, 0x0000000087a00000, 0x0000000087b00000|  0%| F|  |TAMS 0x0000000087a00000, 0x0000000087a00000| Untracked 
| 123|0x0000000087b00000, 0x0000000087b00000, 0x0000000087c00000|  0%| F|  |TAMS 0x0000000087b00000, 0x0000000087b00000| Untracked 
| 124|0x0000000087c00000, 0x0000000087c00000, 0x0000000087d00000|  0%| F|  |TAMS 0x0000000087c00000, 0x0000000087c00000| Untracked 
| 125|0x0000000087d00000, 0x0000000087d00000, 0x0000000087e00000|  0%| F|  |TAMS 0x0000000087d00000, 0x0000000087d00000| Untracked 
| 126|0x0000000087e00000, 0x0000000087e00000, 0x0000000087f00000|  0%| F|  |TAMS 0x0000000087e00000, 0x0000000087e00000| Untracked 
| 127|0x0000000087f00000, 0x0000000087f00000, 0x0000000088000000|  0%| F|  |TAMS 0x0000000087f00000, 0x0000000087f00000| Untracked 
| 128|0x0000000088000000, 0x0000000088000000, 0x0000000088100000|  0%| F|  |TAMS 0x0000000088000000, 0x0000000088000000| Untracked 
| 129|0x0000000088100000, 0x0000000088100000, 0x0000000088200000|  0%| F|  |TAMS 0x0000000088100000, 0x0000000088100000| Untracked 
| 130|0x0000000088200000, 0x0000000088200000, 0x0000000088300000|  0%| F|  |TAMS 0x0000000088200000, 0x0000000088200000| Untracked 
| 131|0x0000000088300000, 0x0000000088300000, 0x0000000088400000|  0%| F|  |TAMS 0x0000000088300000, 0x0000000088300000| Untracked 
| 132|0x0000000088400000, 0x0000000088400000, 0x0000000088500000|  0%| F|  |TAMS 0x0000000088400000, 0x0000000088400000| Untracked 
| 133|0x0000000088500000, 0x0000000088500000, 0x0000000088600000|  0%| F|  |TAMS 0x0000000088500000, 0x0000000088500000| Untracked 
| 134|0x0000000088600000, 0x0000000088600000, 0x0000000088700000|  0%| F|  |TAMS 0x0000000088600000, 0x0000000088600000| Untracked 
| 135|0x0000000088700000, 0x0000000088700000, 0x0000000088800000|  0%| F|  |TAMS 0x0000000088700000, 0x0000000088700000| Untracked 
| 136|0x0000000088800000, 0x0000000088800000, 0x0000000088900000|  0%| F|  |TAMS 0x0000000088800000, 0x0000000088800000| Untracked 
| 137|0x0000000088900000, 0x0000000088900000, 0x0000000088a00000|  0%| F|  |TAMS 0x0000000088900000, 0x0000000088900000| Untracked 
| 138|0x0000000088a00000, 0x0000000088a00000, 0x0000000088b00000|  0%| F|  |TAMS 0x0000000088a00000, 0x0000000088a00000| Untracked 
| 139|0x0000000088b00000, 0x0000000088b00000, 0x0000000088c00000|  0%| F|  |TAMS 0x0000000088b00000, 0x0000000088b00000| Untracked 
| 140|0x0000000088c00000, 0x0000000088c00000, 0x0000000088d00000|  0%| F|  |TAMS 0x0000000088c00000, 0x0000000088c00000| Untracked 
| 141|0x0000000088d00000, 0x0000000088d00000, 0x0000000088e00000|  0%| F|  |TAMS 0x0000000088d00000, 0x0000000088d00000| Untracked 
| 142|0x0000000088e00000, 0x0000000088e00000, 0x0000000088f00000|  0%| F|  |TAMS 0x0000000088e00000, 0x0000000088e00000| Untracked 
| 143|0x0000000088f00000, 0x0000000088f00000, 0x0000000089000000|  0%| F|  |TAMS 0x0000000088f00000, 0x0000000088f00000| Untracked 
| 144|0x0000000089000000, 0x0000000089000000, 0x0000000089100000|  0%| F|  |TAMS 0x0000000089000000, 0x0000000089000000| Untracked 
| 145|0x0000000089100000, 0x0000000089100000, 0x0000000089200000|  0%| F|  |TAMS 0x0000000089100000, 0x0000000089100000| Untracked 
| 146|0x0000000089200000, 0x0000000089200000, 0x0000000089300000|  0%| F|  |TAMS 0x0000000089200000, 0x0000000089200000| Untracked 
| 147|0x0000000089300000, 0x0000000089300000, 0x0000000089400000|  0%| F|  |TAMS 0x0000000089300000, 0x0000000089300000| Untracked 

Card table byte_map: [0x000001b9748b0000,0x000001b974cb0000] _byte_map_base: 0x000001b9744b0000

Marking Bits (Prev, Next): (CMBitMap*) 0x000001b96022a500, (CMBitMap*) 0x000001b96022a540
 Prev Bits: [0x000001b9750b0000, 0x000001b9770b0000)
 Next Bits: [0x000001b9770b0000, 0x000001b9790b0000)

Polling page: 0x000001b95ffb0000

Metaspace:

Usage:
  Non-class:     44.08 MB used.
      Class:      6.73 MB used.
       Both:     50.82 MB used.

Virtual space:
  Non-class space:       64.00 MB reserved,      44.31 MB ( 69%) committed,  1 nodes.
      Class space:        1.00 GB reserved,       6.94 MB ( <1%) committed,  1 nodes.
             Both:        1.06 GB reserved,      51.25 MB (  5%) committed. 

Chunk freelists:
   Non-Class:  3.50 MB
       Class:  9.07 MB
        Both:  12.57 MB

MaxMetaspaceSize: unlimited
CompressedClassSpaceSize: 1.00 GB
Initial GC threshold: 21.00 MB
Current GC threshold: 84.31 MB
CDS: off
MetaspaceReclaimPolicy: balanced
 - commit_granule_bytes: 65536.
 - commit_granule_words: 8192.
 - virtual_space_node_default_size: 8388608.
 - enlarge_chunks_in_place: 1.
 - new_chunks_are_fully_committed: 0.
 - uncommit_free_chunks: 1.
 - use_allocation_guard: 0.
 - handle_deallocations: 1.


Internal statistics:

num_allocs_failed_limit: 3.
num_arena_births: 442.
num_arena_deaths: 4.
num_vsnodes_births: 2.
num_vsnodes_deaths: 0.
num_space_committed: 820.
num_space_uncommitted: 0.
num_chunks_returned_to_freelist: 10.
num_chunks_taken_from_freelist: 2084.
num_chunk_merges: 3.
num_chunk_splits: 1363.
num_chunks_enlarged: 949.
num_inconsistent_stats: 0.

CodeHeap 'non-profiled nmethods': size=120000Kb used=3774Kb max_used=3774Kb free=116226Kb
 bounds [0x000001b96c960000, 0x000001b96cd10000, 0x000001b973e90000]
CodeHeap 'profiled nmethods': size=120000Kb used=10780Kb max_used=10780Kb free=109219Kb
 bounds [0x000001b964e90000, 0x000001b965920000, 0x000001b96c3c0000]
CodeHeap 'non-nmethods': size=5760Kb used=2375Kb max_used=2382Kb free=3384Kb
 bounds [0x000001b96c3c0000, 0x000001b96c630000, 0x000001b96c960000]
 total_blobs=6363 nmethods=5532 adapters=740
 compilation: enabled
              stopped_count=0, restarted_count=0
 full_count=0

Compilation events (20 events):
Event: 22.599 Thread 0x000001b904030f30 6339   !   2       org.gradle.api.internal.file.archive.impl.JdkZipEntry::withInputStream (74 bytes)
Event: 22.599 Thread 0x000001b904030f30 nmethod 6339 0x000001b96563a690 code [0x000001b96563a880, 0x000001b96563ab38]
Event: 22.599 Thread 0x000001b904030f30 6338       2       org.objectweb.asm.Context::<init> (5 bytes)
Event: 22.599 Thread 0x000001b904030f30 nmethod 6338 0x000001b9656d3190 code [0x000001b9656d3320, 0x000001b9656d3418]
Event: 22.602 Thread 0x000001b904030f30 6341       2       java.util.Calendar::setTimeInMillis (84 bytes)
Event: 22.602 Thread 0x000001b904030f30 nmethod 6341 0x000001b964f9cd10 code [0x000001b964f9cec0, 0x000001b964f9d0e8]
Event: 22.606 Thread 0x000001b904030f30 6343       2       org.gradle.internal.classpath.ClasspathBuilder$ZipEntryBuilder::maybeAddParent (50 bytes)
Event: 22.606 Thread 0x000001b904030f30 nmethod 6343 0x000001b96563a010 code [0x000001b96563a200, 0x000001b96563a4a8]
Event: 22.609 Thread 0x000001b904030f30 6344       2       org.apache.tools.zip.ZipUtil::toDosTime (108 bytes)
Event: 22.610 Thread 0x000001b904030f30 nmethod 6344 0x000001b964fb6710 code [0x000001b964fb6940, 0x000001b964fb6dc8]
Event: 22.624 Thread 0x000001b904030f30 6345       2       javax.management.ObjectName::addProperty (80 bytes)
Event: 22.624 Thread 0x000001b904030f30 nmethod 6345 0x000001b964fb5e10 code [0x000001b964fb6000, 0x000001b964fb64e8]
Event: 22.690 Thread 0x000001b904030f30 6347       2       java.util.GregorianCalendar::getWeekNumber (89 bytes)
Event: 22.690 Thread 0x000001b904030f30 nmethod 6347 0x000001b964fb5890 code [0x000001b964fb5a40, 0x000001b964fb5c88]
Event: 22.690 Thread 0x000001b904030f30 6348       2       sun.util.calendar.AbstractCalendar::getDayOfWeekDateOnOrBefore (31 bytes)
Event: 22.691 Thread 0x000001b904030f30 nmethod 6348 0x000001b965639b10 code [0x000001b965639cc0, 0x000001b965639e68]
Event: 22.727 Thread 0x000001b904030f30 6350       2       java.io.DataOutputStream::flush (8 bytes)
Event: 22.727 Thread 0x000001b904030f30 nmethod 6350 0x000001b964fb5510 code [0x000001b964fb56a0, 0x000001b964fb57c8]
Event: 22.735 Thread 0x000001b904030f30 6351   !   2       sun.security.provider.DigestBase::engineDigest (39 bytes)
Event: 22.735 Thread 0x000001b904030f30 nmethod 6351 0x000001b964fb4e90 code [0x000001b964fb5060, 0x000001b964fb5368]

GC Heap History (20 events):
Event: 19.403 GC heap after
{Heap after GC invocations=48 (full 0):
 garbage-first heap   total 125952K, used 57461K [0x0000000080000000, 0x0000000100000000)
  region size 1024K, 5 young (5120K), 5 survivors (5120K)
 Metaspace       used 51440K, committed 51840K, reserved 1114112K
  class space    used 6827K, committed 7040K, reserved 1048576K
}
Event: 19.720 GC heap before
{Heap before GC invocations=48 (full 0):
 garbage-first heap   total 125952K, used 106613K [0x0000000080000000, 0x0000000100000000)
  region size 1024K, 53 young (54272K), 5 survivors (5120K)
 Metaspace       used 51440K, committed 51840K, reserved 1114112K
  class space    used 6827K, committed 7040K, reserved 1048576K
}
Event: 19.724 GC heap after
{Heap after GC invocations=49 (full 0):
 garbage-first heap   total 125952K, used 57931K [0x0000000080000000, 0x0000000100000000)
  region size 1024K, 5 young (5120K), 5 survivors (5120K)
 Metaspace       used 51440K, committed 51840K, reserved 1114112K
  class space    used 6827K, committed 7040K, reserved 1048576K
}
Event: 19.991 GC heap before
{Heap before GC invocations=49 (full 0):
 garbage-first heap   total 125952K, used 106059K [0x0000000080000000, 0x0000000100000000)
  region size 1024K, 52 young (53248K), 5 survivors (5120K)
 Metaspace       used 51440K, committed 51840K, reserved 1114112K
  class space    used 6827K, committed 7040K, reserved 1048576K
}
Event: 19.995 GC heap after
{Heap after GC invocations=50 (full 0):
 garbage-first heap   total 151552K, used 58427K [0x0000000080000000, 0x0000000100000000)
  region size 1024K, 4 young (4096K), 4 survivors (4096K)
 Metaspace       used 51440K, committed 51840K, reserved 1114112K
  class space    used 6827K, committed 7040K, reserved 1048576K
}
Event: 20.354 GC heap before
{Heap before GC invocations=50 (full 0):
 garbage-first heap   total 151552K, used 133179K [0x0000000080000000, 0x0000000100000000)
  region size 1024K, 75 young (76800K), 4 survivors (4096K)
 Metaspace       used 51456K, committed 51904K, reserved 1114112K
  class space    used 6831K, committed 7040K, reserved 1048576K
}
Event: 20.355 GC heap after
{Heap after GC invocations=51 (full 0):
 garbage-first heap   total 151552K, used 52655K [0x0000000080000000, 0x0000000100000000)
  region size 1024K, 2 young (2048K), 2 survivors (2048K)
 Metaspace       used 51456K, committed 51904K, reserved 1114112K
  class space    used 6831K, committed 7040K, reserved 1048576K
}
Event: 20.817 GC heap before
{Heap before GC invocations=51 (full 0):
 garbage-first heap   total 151552K, used 135599K [0x0000000080000000, 0x0000000100000000)
  region size 1024K, 80 young (81920K), 2 survivors (2048K)
 Metaspace       used 51605K, committed 52096K, reserved 1114112K
  class space    used 6856K, committed 7104K, reserved 1048576K
}
Event: 20.819 GC heap after
{Heap after GC invocations=52 (full 0):
 garbage-first heap   total 151552K, used 56690K [0x0000000080000000, 0x0000000100000000)
  region size 1024K, 3 young (3072K), 3 survivors (3072K)
 Metaspace       used 51605K, committed 52096K, reserved 1114112K
  class space    used 6856K, committed 7104K, reserved 1048576K
}
Event: 21.056 GC heap before
{Heap before GC invocations=52 (full 0):
 garbage-first heap   total 151552K, used 131442K [0x0000000080000000, 0x0000000100000000)
  region size 1024K, 76 young (77824K), 3 survivors (3072K)
 Metaspace       used 51606K, committed 52096K, reserved 1114112K
  class space    used 6856K, committed 7104K, reserved 1048576K
}
Event: 21.058 GC heap after
{Heap after GC invocations=53 (full 0):
 garbage-first heap   total 151552K, used 57731K [0x0000000080000000, 0x0000000100000000)
  region size 1024K, 4 young (4096K), 4 survivors (4096K)
 Metaspace       used 51606K, committed 52096K, reserved 1114112K
  class space    used 6856K, committed 7104K, reserved 1048576K
}
Event: 21.255 GC heap before
{Heap before GC invocations=53 (full 0):
 garbage-first heap   total 151552K, used 130435K [0x0000000080000000, 0x0000000100000000)
  region size 1024K, 75 young (76800K), 4 survivors (4096K)
 Metaspace       used 51606K, committed 52096K, reserved 1114112K
  class space    used 6856K, committed 7104K, reserved 1048576K
}
Event: 21.257 GC heap after
{Heap after GC invocations=54 (full 0):
 garbage-first heap   total 151552K, used 58858K [0x0000000080000000, 0x0000000100000000)
  region size 1024K, 5 young (5120K), 5 survivors (5120K)
 Metaspace       used 51606K, committed 52096K, reserved 1114112K
  class space    used 6856K, committed 7104K, reserved 1048576K
}
Event: 21.658 GC heap before
{Heap before GC invocations=54 (full 0):
 garbage-first heap   total 151552K, used 132586K [0x0000000080000000, 0x0000000100000000)
  region size 1024K, 74 young (75776K), 5 survivors (5120K)
 Metaspace       used 51753K, committed 52224K, reserved 1114112K
  class space    used 6864K, committed 7104K, reserved 1048576K
}
Event: 21.661 GC heap after
{Heap after GC invocations=55 (full 0):
 garbage-first heap   total 151552K, used 57236K [0x0000000080000000, 0x0000000100000000)
  region size 1024K, 3 young (3072K), 3 survivors (3072K)
 Metaspace       used 51753K, committed 52224K, reserved 1114112K
  class space    used 6864K, committed 7104K, reserved 1048576K
}
Event: 22.090 GC heap before
{Heap before GC invocations=55 (full 0):
 garbage-first heap   total 151552K, used 130964K [0x0000000080000000, 0x0000000100000000)
  region size 1024K, 75 young (76800K), 3 survivors (3072K)
 Metaspace       used 51843K, committed 52288K, reserved 1114112K
  class space    used 6864K, committed 7104K, reserved 1048576K
}
Event: 22.095 GC heap after
{Heap after GC invocations=56 (full 0):
 garbage-first heap   total 151552K, used 59210K [0x0000000080000000, 0x0000000100000000)
  region size 1024K, 5 young (5120K), 5 survivors (5120K)
 Metaspace       used 51843K, committed 52288K, reserved 1114112K
  class space    used 6864K, committed 7104K, reserved 1048576K
}
Event: 22.736 GC heap before
{Heap before GC invocations=56 (full 0):
 garbage-first heap   total 151552K, used 131914K [0x0000000080000000, 0x0000000100000000)
  region size 1024K, 74 young (75776K), 5 survivors (5120K)
 Metaspace       used 52038K, committed 52480K, reserved 1114112K
  class space    used 6895K, committed 7104K, reserved 1048576K
}
Event: 22.745 GC heap after
{Heap after GC invocations=57 (full 0):
 garbage-first heap   total 151552K, used 60255K [0x0000000080000000, 0x0000000100000000)
  region size 1024K, 6 young (6144K), 6 survivors (6144K)
 Metaspace       used 52038K, committed 52480K, reserved 1114112K
  class space    used 6895K, committed 7104K, reserved 1048576K
}
Event: 23.302 GC heap before
{Heap before GC invocations=57 (full 0):
 garbage-first heap   total 151552K, used 130911K [0x0000000080000000, 0x0000000100000000)
  region size 1024K, 73 young (74752K), 6 survivors (6144K)
 Metaspace       used 52038K, committed 52480K, reserved 1114112K
  class space    used 6895K, committed 7104K, reserved 1048576K
}

Dll operation events (2 events):
Event: 0.042 Loaded shared library C:\Program Files\Android\Android Studio\jbr\bin\java.dll
Event: 0.855 Loaded shared library C:\Program Files\Android\Android Studio\jbr\bin\verify.dll

Deoptimization events (20 events):
Event: 22.512 Thread 0x000001b905d09060 Uncommon trap: trap_request=0xffffffde fr.pc=0x000001b96cba7fe0 relative=0x0000000000000f80
Event: 22.512 Thread 0x000001b905d09060 Uncommon trap: reason=class_check action=maybe_recompile pc=0x000001b96cba7fe0 method=com.google.common.collect.AbstractIterator.tryToComputeNext()Z @ 9 c2
Event: 22.512 Thread 0x000001b905d09060 DEOPT PACKING pc=0x000001b96cba7fe0 sp=0x0000006d590f7c50
Event: 22.512 Thread 0x000001b905d09060 DEOPT UNPACKING pc=0x000001b96c41a1a3 sp=0x0000006d590f7c08 mode 2
Event: 22.540 Thread 0x000001b905d09060 DEOPT PACKING pc=0x000001b9651b6988 sp=0x0000006d590f8960
Event: 22.540 Thread 0x000001b905d09060 DEOPT UNPACKING pc=0x000001b96c41ace3 sp=0x0000006d590f7e68 mode 0
Event: 22.570 Thread 0x000001b905e186d0 Uncommon trap: trap_request=0xffffff45 fr.pc=0x000001b96cc9e1e8 relative=0x0000000000004ca8
Event: 22.570 Thread 0x000001b905e186d0 Uncommon trap: reason=unstable_if action=reinterpret pc=0x000001b96cc9e1e8 method=org.apache.tools.zip.ZipOutputStream.putNextEntry(Lorg/apache/tools/zip/ZipEntry;)V @ 218 c2
Event: 22.570 Thread 0x000001b905e186d0 DEOPT PACKING pc=0x000001b96cc9e1e8 sp=0x0000006d59bfe360
Event: 22.571 Thread 0x000001b905e186d0 DEOPT UNPACKING pc=0x000001b96c41a1a3 sp=0x0000006d59bfe290 mode 2
Event: 22.571 Thread 0x000001b905e186d0 Uncommon trap: trap_request=0xffffff45 fr.pc=0x000001b96cc9e240 relative=0x0000000000004d00
Event: 22.571 Thread 0x000001b905e186d0 Uncommon trap: reason=unstable_if action=reinterpret pc=0x000001b96cc9e240 method=org.apache.tools.zip.FallbackZipEncoding.encode(Ljava/lang/String;)Ljava/nio/ByteBuffer; @ 4 c2
Event: 22.571 Thread 0x000001b905e186d0 DEOPT PACKING pc=0x000001b96cc9e240 sp=0x0000006d59bfe440
Event: 22.571 Thread 0x000001b905e186d0 DEOPT UNPACKING pc=0x000001b96c41a1a3 sp=0x0000006d59bfe210 mode 2
Event: 22.571 Thread 0x000001b905e11260 Uncommon trap: trap_request=0xffffff76 fr.pc=0x000001b96ccac670 relative=0x0000000000000910
Event: 22.571 Thread 0x000001b905e11260 Uncommon trap: reason=predicate action=maybe_recompile pc=0x000001b96ccac670 method=com.google.common.io.ByteStreams.read(Ljava/io/InputStream;[BII)I @ 53 c2
Event: 22.571 Thread 0x000001b905e11260 DEOPT PACKING pc=0x000001b96ccac670 sp=0x0000006d59cfe4c0
Event: 22.571 Thread 0x000001b905e11260 DEOPT UNPACKING pc=0x000001b96c41a1a3 sp=0x0000006d59cfe230 mode 2
Event: 22.835 Thread 0x000001b905e186d0 DEOPT PACKING pc=0x000001b964fbb067 sp=0x0000006d59bfe2b0
Event: 22.835 Thread 0x000001b905e186d0 DEOPT UNPACKING pc=0x000001b96c41ace3 sp=0x0000006d59bfd900 mode 0

Classes unloaded (5 events):
Event: 12.234 Thread 0x000001b97b724020 Unloading class 0x00000001005fc000 '_BuildScript_$_run_closure1'
Event: 12.234 Thread 0x000001b97b724020 Unloading class 0x00000001005f4000 '_BuildScript_'
Event: 13.148 Thread 0x000001b97b724020 Unloading class 0x0000000100638968 '_BuildScript_$_run_closure1$_closure2'
Event: 13.148 Thread 0x000001b97b724020 Unloading class 0x0000000100638558 '_BuildScript_$_run_closure1'
Event: 13.148 Thread 0x000001b97b724020 Unloading class 0x0000000100638000 '_BuildScript_'

Classes redefined (0 events):
No events

Internal exceptions (20 events):
Event: 21.497 Thread 0x000001b905e11260 Exception <a 'sun/nio/fs/WindowsException'{0x0000000085d878d0}> (0x0000000085d878d0) 
thrown [s\src\hotspot\share\prims\jni.cpp, line 517]
Event: 21.504 Thread 0x000001b905e11260 Exception <a 'sun/nio/fs/WindowsException'{0x0000000085da4750}> (0x0000000085da4750) 
thrown [s\src\hotspot\share\prims\jni.cpp, line 517]
Event: 21.507 Thread 0x000001b905e11260 Exception <a 'sun/nio/fs/WindowsException'{0x0000000085da48b8}> (0x0000000085da48b8) 
thrown [s\src\hotspot\share\prims\jni.cpp, line 517]
Event: 21.516 Thread 0x000001b905d09060 Exception <a 'java/lang/ClassNotFoundException'{0x0000000085c06a38}: sync_studio_tooling1_av114vrqxwnrc4jg5x0u51q5qBeanInfo> (0x0000000085c06a38) 
thrown [s\src\hotspot\share\classfile\systemDictionary.cpp, line 256]
Event: 21.518 Thread 0x000001b905d09060 Exception <a 'java/lang/ClassNotFoundException'{0x0000000085c0d2b8}: sync_studio_tooling1_av114vrqxwnrc4jg5x0u51q5qCustomizer> (0x0000000085c0d2b8) 
thrown [s\src\hotspot\share\classfile\systemDictionary.cpp, line 256]
Event: 22.489 Thread 0x000001b905e14f20 Exception <a 'sun/nio/fs/WindowsException'{0x0000000086b0c0d8}> (0x0000000086b0c0d8) 
thrown [s\src\hotspot\share\prims\jni.cpp, line 517]
Event: 22.494 Thread 0x000001b905e14f20 Exception <a 'sun/nio/fs/WindowsException'{0x0000000086b39f78}> (0x0000000086b39f78) 
thrown [s\src\hotspot\share\prims\jni.cpp, line 517]
Event: 22.495 Thread 0x000001b905e14f20 Exception <a 'sun/nio/fs/WindowsException'{0x0000000086b3a0f0}> (0x0000000086b3a0f0) 
thrown [s\src\hotspot\share\prims\jni.cpp, line 517]
Event: 22.505 Thread 0x000001b905d09060 Exception <a 'java/lang/ClassNotFoundException'{0x0000000086b75d60}: ijInit1_6xtptpf40lrxtyhsxd112r28vBeanInfo> (0x0000000086b75d60) 
thrown [s\src\hotspot\share\classfile\systemDictionary.cpp, line 256]
Event: 22.506 Thread 0x000001b905d09060 Exception <a 'java/lang/ClassNotFoundException'{0x0000000086b7c5c8}: ijInit1_6xtptpf40lrxtyhsxd112r28vCustomizer> (0x0000000086b7c5c8) 
thrown [s\src\hotspot\share\classfile\systemDictionary.cpp, line 256]
Event: 22.514 Thread 0x000001b905d09060 Exception <a 'java/lang/ClassNotFoundException'{0x0000000086bbf2c0}: ijInit1_6xtptpf40lrxtyhsxd112r28v$_run_closure1BeanInfo> (0x0000000086bbf2c0) 
thrown [s\src\hotspot\share\classfile\systemDictionary.cpp, line 256]
Event: 22.514 Thread 0x000001b905d09060 Exception <a 'java/lang/ClassNotFoundException'{0x0000000086bc6248}: ijInit1_6xtptpf40lrxtyhsxd112r28v$_run_closure1Customizer> (0x0000000086bc6248) 
thrown [s\src\hotspot\share\classfile\systemDictionary.cpp, line 256]
Event: 22.561 Thread 0x000001b905e186d0 Exception <a 'sun/nio/fs/WindowsException'{0x0000000086a87098}> (0x0000000086a87098) 
thrown [s\src\hotspot\share\prims\jni.cpp, line 517]
Event: 22.562 Thread 0x000001b905e11260 Exception <a 'sun/nio/fs/WindowsException'{0x0000000086ad95b8}> (0x0000000086ad95b8) 
thrown [s\src\hotspot\share\prims\jni.cpp, line 517]
Event: 22.627 Thread 0x000001b905e11260 Exception <a 'sun/nio/fs/WindowsException'{0x0000000085ee8620}> (0x0000000085ee8620) 
thrown [s\src\hotspot\share\prims\jni.cpp, line 517]
Event: 22.630 Thread 0x000001b905e14f20 Exception <a 'sun/nio/fs/WindowsException'{0x0000000086998510}> (0x0000000086998510) 
thrown [s\src\hotspot\share\prims\jni.cpp, line 517]
Event: 22.679 Thread 0x000001b905e11260 Exception <a 'sun/nio/fs/WindowsException'{0x0000000085ee87d0}> (0x0000000085ee87d0) 
thrown [s\src\hotspot\share\prims\jni.cpp, line 517]
Event: 22.728 Thread 0x000001b905e12bb0 Exception <a 'sun/nio/fs/WindowsException'{0x0000000085e6aa88}> (0x0000000085e6aa88) 
thrown [s\src\hotspot\share\prims\jni.cpp, line 517]
Event: 22.796 Thread 0x000001b905e11260 Exception <a 'sun/nio/fs/WindowsException'{0x00000000887cd218}> (0x00000000887cd218) 
thrown [s\src\hotspot\share\prims\jni.cpp, line 517]
Event: 23.009 Thread 0x000001b905e11260 Exception <a 'sun/nio/fs/WindowsException'{0x0000000085a84e80}> (0x0000000085a84e80) 
thrown [s\src\hotspot\share\prims\jni.cpp, line 517]

VM Operations (20 events):
Event: 20.355 Executing VM operation: G1CollectForAllocation done
Event: 20.591 Executing VM operation: HandshakeAllThreads
Event: 20.591 Executing VM operation: HandshakeAllThreads done
Event: 20.623 Executing VM operation: HandshakeAllThreads
Event: 20.623 Executing VM operation: HandshakeAllThreads done
Event: 20.816 Executing VM operation: G1CollectForAllocation
Event: 20.819 Executing VM operation: G1CollectForAllocation done
Event: 21.056 Executing VM operation: G1CollectForAllocation
Event: 21.058 Executing VM operation: G1CollectForAllocation done
Event: 21.254 Executing VM operation: G1CollectForAllocation
Event: 21.257 Executing VM operation: G1CollectForAllocation done
Event: 21.458 Executing VM operation: ICBufferFull
Event: 21.458 Executing VM operation: ICBufferFull done
Event: 21.658 Executing VM operation: G1CollectForAllocation
Event: 21.661 Executing VM operation: G1CollectForAllocation done
Event: 22.090 Executing VM operation: G1CollectForAllocation
Event: 22.095 Executing VM operation: G1CollectForAllocation done
Event: 22.736 Executing VM operation: G1CollectForAllocation
Event: 22.746 Executing VM operation: G1CollectForAllocation done
Event: 23.302 Executing VM operation: G1CollectForAllocation

Events (20 events):
Event: 16.146 Thread 0x000001b90404f400 flushing nmethod 0x000001b965891f90
Event: 16.146 Thread 0x000001b90404f400 flushing nmethod 0x000001b965893610
Event: 16.146 Thread 0x000001b90404f400 flushing nmethod 0x000001b965894d90
Event: 16.146 Thread 0x000001b90404f400 flushing nmethod 0x000001b9658a9890
Event: 17.484 loading class jdk/internal/access/foreign/MemorySegmentProxy
Event: 17.484 loading class jdk/internal/access/foreign/MemorySegmentProxy done
Event: 18.815 Thread 0x000001b9067e3880 Thread exited: 0x000001b9067e3880
Event: 19.525 Thread 0x000001b90404f400 flushing nmethod 0x000001b96cc0f810
Event: 19.527 Thread 0x000001b90404f400 flushing nmethod 0x000001b96511f090
Event: 19.531 Thread 0x000001b90404f400 flushing nmethod 0x000001b9657c2710
Event: 20.592 loading class java/util/HashMap$EntrySpliterator
Event: 20.592 loading class java/util/HashMap$EntrySpliterator done
Event: 20.592 loading class java/util/stream/SortedOps$OfRef
Event: 20.593 loading class java/util/stream/ReferencePipeline$StatefulOp
Event: 20.593 loading class java/util/stream/ReferencePipeline$StatefulOp done
Event: 20.593 loading class java/util/stream/SortedOps$OfRef done
Event: 20.593 loading class java/util/stream/SortedOps$RefSortingSink
Event: 20.593 loading class java/util/stream/SortedOps$AbstractRefSortingSink
Event: 20.593 loading class java/util/stream/SortedOps$AbstractRefSortingSink done
Event: 20.594 loading class java/util/stream/SortedOps$RefSortingSink done


Dynamic libraries:
0x00007ff7d8760000 - 0x00007ff7d876a000 	C:\Program Files\Android\Android Studio\jbr\bin\java.exe
0x00007fff51370000 - 0x00007fff51568000 	C:\windows\SYSTEM32\ntdll.dll
0x00007fff50e40000 - 0x00007fff50efd000 	C:\windows\System32\KERNEL32.DLL
0x00007fff4ea20000 - 0x00007fff4ed16000 	C:\windows\System32\KERNELBASE.dll
0x00007fff4ed20000 - 0x00007fff4ee20000 	C:\windows\System32\ucrtbase.dll
0x00007fff34d60000 - 0x00007fff34d7b000 	C:\Program Files\Android\Android Studio\jbr\bin\VCRUNTIME140.dll
0x00007fff489d0000 - 0x00007fff489e7000 	C:\Program Files\Android\Android Studio\jbr\bin\jli.dll
0x00007fff4f670000 - 0x00007fff4f80f000 	C:\windows\System32\USER32.dll
0x00007fff34ac0000 - 0x00007fff34d5a000 	C:\windows\WinSxS\amd64_microsoft.windows.common-controls_6595b64144ccf1df_6.0.19041.4355_none_60b8b9eb71f62e16\COMCTL32.dll
0x00007fff4ef40000 - 0x00007fff4ef62000 	C:\windows\System32\win32u.dll
0x00007fff4f3a0000 - 0x00007fff4f43e000 	C:\windows\System32\msvcrt.dll
0x00007fff4f8b0000 - 0x00007fff4f8db000 	C:\windows\System32\GDI32.dll
0x00007fff4f280000 - 0x00007fff4f397000 	C:\windows\System32\gdi32full.dll
0x00007fff4ef70000 - 0x00007fff4f00d000 	C:\windows\System32\msvcp_win.dll
0x00007fff4f810000 - 0x00007fff4f842000 	C:\windows\System32\IMM32.DLL
0x00007fff4a090000 - 0x00007fff4a09c000 	C:\Program Files\Android\Android Studio\jbr\bin\vcruntime140_1.dll
0x00007fff2e750000 - 0x00007fff2e7dd000 	C:\Program Files\Android\Android Studio\jbr\bin\msvcp140.dll
0x00007ffede220000 - 0x00007ffedeea3000 	C:\Program Files\Android\Android Studio\jbr\bin\server\jvm.dll
0x00007fff511b0000 - 0x00007fff51260000 	C:\windows\System32\ADVAPI32.dll
0x00007fff504b0000 - 0x00007fff50550000 	C:\windows\System32\sechost.dll
0x00007fff50f00000 - 0x00007fff51023000 	C:\windows\System32\RPCRT4.dll
0x00007fff4f250000 - 0x00007fff4f277000 	C:\windows\System32\bcrypt.dll
0x00007fff4e870000 - 0x00007fff4e8bb000 	C:\windows\SYSTEM32\POWRPROF.dll
0x00007fff45d70000 - 0x00007fff45d7a000 	C:\windows\SYSTEM32\VERSION.dll
0x00007fff30cd0000 - 0x00007fff30cf7000 	C:\windows\SYSTEM32\WINMM.dll
0x00007fff31880000 - 0x00007fff31889000 	C:\windows\SYSTEM32\WSOCK32.dll
0x00007fff51090000 - 0x00007fff510fb000 	C:\windows\System32\WS2_32.dll
0x00007fff4e850000 - 0x00007fff4e862000 	C:\windows\SYSTEM32\UMPDC.dll
0x00007fff4d230000 - 0x00007fff4d242000 	C:\windows\SYSTEM32\kernel.appcore.dll
0x00007fff49fe0000 - 0x00007fff49fea000 	C:\Program Files\Android\Android Studio\jbr\bin\jimage.dll
0x00007fff4c7a0000 - 0x00007fff4c984000 	C:\windows\SYSTEM32\DBGHELP.DLL
0x00007fff31010000 - 0x00007fff31044000 	C:\windows\SYSTEM32\dbgcore.DLL
0x00007fff4f010000 - 0x00007fff4f092000 	C:\windows\System32\bcryptPrimitives.dll
0x00007fff48c10000 - 0x00007fff48c35000 	C:\Program Files\Android\Android Studio\jbr\bin\java.dll
0x00007fff48bf0000 - 0x00007fff48c08000 	C:\Program Files\Android\Android Studio\jbr\bin\zip.dll
0x00007fff4f960000 - 0x00007fff500cb000 	C:\windows\System32\SHELL32.dll
0x00007fff4ca80000 - 0x00007fff4d21d000 	C:\windows\SYSTEM32\windows.storage.dll
0x00007fff50670000 - 0x00007fff509c3000 	C:\windows\System32\combase.dll
0x00007fff4e370000 - 0x00007fff4e39e000 	C:\windows\SYSTEM32\Wldp.dll
0x00007fff51260000 - 0x00007fff5132d000 	C:\windows\System32\OLEAUT32.dll
0x00007fff4f510000 - 0x00007fff4f5bd000 	C:\windows\System32\SHCORE.dll
0x00007fff4f850000 - 0x00007fff4f8a5000 	C:\windows\System32\shlwapi.dll
0x00007fff4e950000 - 0x00007fff4e974000 	C:\windows\SYSTEM32\profapi.dll
0x00007fff48bd0000 - 0x00007fff48be9000 	C:\Program Files\Android\Android Studio\jbr\bin\net.dll
0x00007fff3eab0000 - 0x00007fff3ebba000 	C:\windows\SYSTEM32\WINHTTP.dll
0x00007fff4e0d0000 - 0x00007fff4e13a000 	C:\windows\system32\mswsock.dll
0x00007fff48bb0000 - 0x00007fff48bc6000 	C:\Program Files\Android\Android Studio\jbr\bin\nio.dll
0x00007fff49fd0000 - 0x00007fff49fe0000 	C:\Program Files\Android\Android Studio\jbr\bin\verify.dll
0x00007fff49ff0000 - 0x00007fff4a017000 	C:\Users\eleaz\.gradle\native\e1d6ef7f7dcc3fd88c89a11ec53ec762bb8ba0a96d01ffa2cd45eb1d1d8dd5c5\windows-amd64\native-platform.dll
0x00007fff2a420000 - 0x00007fff2a564000 	C:\Users\eleaz\.gradle\native\0d407fdbe67a94daf76414ababcb853783967236a71b16ec16e742cd7a986fd3\windows-amd64\native-platform-file-events.dll
0x00007fff48b50000 - 0x00007fff48b59000 	C:\Program Files\Android\Android Studio\jbr\bin\management.dll
0x00007fff48b40000 - 0x00007fff48b4b000 	C:\Program Files\Android\Android Studio\jbr\bin\management_ext.dll
0x00007fff503b0000 - 0x00007fff503b8000 	C:\windows\System32\PSAPI.DLL
0x00007fff4e2d0000 - 0x00007fff4e2e8000 	C:\windows\SYSTEM32\CRYPTSP.dll
0x00007fff4d9f0000 - 0x00007fff4da24000 	C:\windows\system32\rsaenh.dll
0x00007fff4e8c0000 - 0x00007fff4e8ee000 	C:\windows\SYSTEM32\USERENV.dll
0x00007fff4e2c0000 - 0x00007fff4e2cc000 	C:\windows\SYSTEM32\CRYPTBASE.dll
0x00007fff4ddb0000 - 0x00007fff4ddeb000 	C:\windows\SYSTEM32\IPHLPAPI.DLL
0x00007fff4f4a0000 - 0x00007fff4f4a8000 	C:\windows\System32\NSI.dll
0x00007fff3dd60000 - 0x00007fff3dd77000 	C:\windows\SYSTEM32\dhcpcsvc6.DLL
0x00007fff432e0000 - 0x00007fff432fd000 	C:\windows\SYSTEM32\dhcpcsvc.DLL
0x00007fff4ddf0000 - 0x00007fff4debb000 	C:\windows\SYSTEM32\DNSAPI.dll
0x00007fff48b90000 - 0x00007fff48b99000 	C:\Program Files\Android\Android Studio\jbr\bin\extnet.dll
0x00007fff48b60000 - 0x00007fff48b67000 	C:\windows\system32\wshunix.dll

dbghelp: loaded successfully - version: 4.0.5 - missing functions: none
symbol engine: initialized successfully - sym options: 0x614 - pdb path: .;C:\Program Files\Android\Android Studio\jbr\bin;C:\windows\SYSTEM32;C:\windows\WinSxS\amd64_microsoft.windows.common-controls_6595b64144ccf1df_6.0.19041.4355_none_60b8b9eb71f62e16;C:\Program Files\Android\Android Studio\jbr\bin\server;C:\Users\eleaz\.gradle\native\e1d6ef7f7dcc3fd88c89a11ec53ec762bb8ba0a96d01ffa2cd45eb1d1d8dd5c5\windows-amd64;C:\Users\eleaz\.gradle\native\0d407fdbe67a94daf76414ababcb853783967236a71b16ec16e742cd7a986fd3\windows-amd64

VM Arguments:
jvm_args: --add-opens=java.base/java.util=ALL-UNNAMED --add-opens=java.base/java.lang=ALL-UNNAMED --add-opens=java.base/java.lang.invoke=ALL-UNNAMED --add-opens=java.base/java.util=ALL-UNNAMED --add-opens=java.prefs/java.util.prefs=ALL-UNNAMED --add-opens=java.prefs/java.util.prefs=ALL-UNNAMED --add-opens=java.base/java.nio.charset=ALL-UNNAMED --add-opens=java.base/java.net=ALL-UNNAMED --add-opens=java.base/java.util.concurrent.atomic=ALL-UNNAMED -Xmx2048m -Dfile.encoding=UTF-8 -Duser.country=US -Duser.language=en -Duser.variant 
java_command: org.gradle.launcher.daemon.bootstrap.GradleDaemon 7.5
java_class_path (initial): C:\Users\eleaz\.gradle\wrapper\dists\gradle-7.5-bin\f1w0cc9nuo0eivz97x2xlu9sv\gradle-7.5\lib\gradle-launcher-7.5.jar
Launcher Type: SUN_STANDARD

[Global flags]
     intx CICompilerCount                          = 3                                         {product} {ergonomic}
     uint ConcGCThreads                            = 1                                         {product} {ergonomic}
     uint G1ConcRefinementThreads                  = 4                                         {product} {ergonomic}
   size_t G1HeapRegionSize                         = 1048576                                   {product} {ergonomic}
    uintx GCDrainStackTargetSize                   = 64                                        {product} {ergonomic}
   size_t InitialHeapSize                          = 130023424                                 {product} {ergonomic}
   size_t MarkStackSize                            = 4194304                                   {product} {ergonomic}
   size_t MaxHeapSize                              = 2147483648                                {product} {command line}
   size_t MaxNewSize                               = 1287651328                                {product} {ergonomic}
   size_t MinHeapDeltaBytes                        = 1048576                                   {product} {ergonomic}
   size_t MinHeapSize                              = 8388608                                   {product} {ergonomic}
    uintx NonNMethodCodeHeapSize                   = 5832780                                {pd product} {ergonomic}
    uintx NonProfiledCodeHeapSize                  = 122912730                              {pd product} {ergonomic}
    uintx ProfiledCodeHeapSize                     = 122912730                              {pd product} {ergonomic}
    uintx ReservedCodeCacheSize                    = 251658240                              {pd product} {ergonomic}
     bool SegmentedCodeCache                       = true                                      {product} {ergonomic}
   size_t SoftMaxHeapSize                          = 2147483648                             {manageable} {ergonomic}
     bool UseCompressedClassPointers               = true                           {product lp64_product} {ergonomic}
     bool UseCompressedOops                        = true                           {product lp64_product} {ergonomic}
     bool UseG1GC                                  = true                                      {product} {ergonomic}
     bool UseLargePagesIndividualAllocation        = false                                  {pd product} {ergonomic}

Logging:
Log output configuration:
 #0: stdout all=warning uptime,level,tags
 #1: stderr all=off uptime,level,tags

Environment Variables:
PATH=C:\Program Files (x86)\Common Files\Oracle\Java\javapath;C:\Program Files (x86)\Common Files\Intel\Shared Libraries\redist\intel64\compiler;C:\windows\system32;C:\windows;C:\windows\System32\Wbem;C:\windows\System32\WindowsPowerShell\v1.0\;C:\windows\System32\OpenSSH\;C:\Program Files (x86)\dotnet\;C:\Program Files\HP\HP One Agent;C:\Users\eleaz\AppData\Local\Microsoft\WindowsApps;
USERNAME=eleaz
OS=Windows_NT
PROCESSOR_IDENTIFIER=Intel64 Family 6 Model 126 Stepping 5, GenuineIntel
TMP=C:\Users\eleaz\AppData\Local\Temp
TEMP=C:\Users\eleaz\AppData\Local\Temp



Periodic native trim disabled

JNI global refs:
JNI global refs: 25, weak refs: 53

JNI global refs memory usage: 843, weak refs: 1473

OOME stack traces (most recent first):
Classloader memory used:
Loader org.gradle.internal.classloader.VisitableURLClassLoader                         : 3311K
Loader bootstrap                                                                       : 2398K
Loader org.gradle.initialization.MixInLegacyTypesClassLoader                           : 613K
Loader jdk.internal.loader.ClassLoaders$PlatformClassLoader                            : 65610B
Loader org.gradle.internal.classloader.VisitableURLClassLoader                         : 57200B
Loader jdk.internal.loader.ClassLoaders$AppClassLoader                                 : 25675B
Loader jdk.internal.reflect.DelegatingClassLoader                                      : 25435B
Loader org.gradle.groovy.scripts.internal.DefaultScriptCompilationHandler$ScriptClassLoader: 7385B
Loader groovy.lang.GroovyClassLoader$InnerLoader                                       : 2444B
Loader org.codehaus.groovy.runtime.callsite.CallSiteClassLoader                        : 876B

Classes loaded by more than one classloader:
Class org.gradle.api.GradleException                                                  : loaded 3 times (x 80B)
Class org.gradle.util.GradleVersion                                                   : loaded 2 times (x 81B)
Class org.gradle.internal.classpath.ClassPath                                         : loaded 2 times (x 68B)
Class org.gradle.api.internal.classpath.DefaultModuleRegistry                         : loaded 2 times (x 84B)
Class org.gradle.api.Action                                                           : loaded 2 times (x 68B)
Class org.gradle.api.internal.DefaultClassPathProvider                                : loaded 2 times (x 74B)
Class org.gradle.internal.installation.GradleInstallation$1                           : loaded 2 times (x 73B)
Class org.gradle.internal.exceptions.DefaultMultiCauseException                       : loaded 2 times (x 89B)
Class org.gradle.internal.time.MonotonicClock                                         : loaded 2 times (x 75B)
Class org.gradle.internal.classloader.FilteringClassLoader                            : loaded 2 times (x 103B)
Class org.gradle.internal.classpath.DefaultClassPath$ImmutableUniqueList$Builder      : loaded 2 times (x 73B)
Class org.gradle.internal.classloader.ClassLoaderVisitor                              : loaded 2 times (x 74B)
Class _BuildScript_                                                                   : loaded 2 times (x 171B)
Class org.gradle.internal.time.DefaultCountdownTimer                                  : loaded 2 times (x 86B)
Class _BuildScript_$_run_closure1                                                     : loaded 2 times (x 130B)
Class org.gradle.internal.service.DefaultServiceLocator                               : loaded 2 times (x 81B)
Class org.gradle.internal.service.UnknownServiceException                             : loaded 2 times (x 81B)
Class org.gradle.internal.classloader.DefaultClassLoaderFactory                       : loaded 2 times (x 80B)
Class org.gradle.internal.classloader.VisitableURLClassLoader$Spec                    : loaded 2 times (x 72B)
Class org.gradle.tooling.model.ProjectModel                                           : loaded 2 times (x 68B)
Class org.gradle.internal.installation.GradleInstallation                             : loaded 2 times (x 73B)
Class org.gradle.api.internal.classpath.ModuleRegistry                                : loaded 2 times (x 68B)
Class org.gradle.api.internal.ClassPathProvider                                       : loaded 2 times (x 68B)
Class org.gradle.internal.classloader.ClasspathUtil$1                                 : loaded 2 times (x 74B)
Class org.gradle.internal.classloader.ClassLoaderFactory                              : loaded 2 times (x 68B)
Class org.gradle.api.internal.classpath.ManifestUtil                                  : loaded 2 times (x 69B)
Class org.gradle.api.specs.Spec                                                       : loaded 2 times (x 68B)
Class org.gradle.internal.IoActions                                                   : loaded 2 times (x 69B)
Class org.gradle.api.internal.classpath.EffectiveClassPath                            : loaded 2 times (x 88B)
Class kotlin.jvm.internal.DefaultConstructorMarker                                    : loaded 2 times (x 69B)
Class org.gradle.internal.installation.CurrentGradleInstallation                      : loaded 2 times (x 71B)
Class org.gradle.internal.installation.CurrentGradleInstallationLocator               : loaded 2 times (x 69B)
Class org.gradle.api.internal.classpath.Module                                        : loaded 2 times (x 68B)
Class org.gradle.internal.service.CachingServiceLocator                               : loaded 2 times (x 80B)
Class org.gradle.internal.time.Timer                                                  : loaded 2 times (x 68B)
Class org.gradle.internal.classpath.DefaultClassPath                                  : loaded 2 times (x 88B)
Class org.gradle.api.Transformer                                                      : loaded 2 times (x 68B)
Class kotlin.jvm.functions.Function1                                                  : loaded 2 times (x 68B)
Class org.gradle.internal.time.Time                                                   : loaded 2 times (x 69B)
Class org.gradle.internal.time.TimeSource$1                                           : loaded 2 times (x 75B)
Class org.gradle.internal.classloader.SystemClassLoaderSpec                           : loaded 2 times (x 69B)
Class kotlin.Function                                                                 : loaded 2 times (x 68B)
Class org.gradle.api.UncheckedIOException                                             : loaded 2 times (x 80B)
Class sync_studio_tooling1_av114vrqxwnrc4jg5x0u51q5q$_run_closure1                    : loaded 2 times (x 134B)
Class org.gradle.internal.time.CountdownTimer                                         : loaded 2 times (x 68B)
Class org.gradle.internal.time.Clock                                                  : loaded 2 times (x 68B)
Class org.gradle.internal.classloader.ClasspathUtil                                   : loaded 2 times (x 69B)
Class org.gradle.api.internal.DefaultClassPathRegistry                                : loaded 2 times (x 74B)
Class org.gradle.api.internal.classpath.DefaultModuleRegistry$DefaultModule           : loaded 2 times (x 84B)
Class org.gradle.internal.time.TimeSource                                             : loaded 2 times (x 68B)
Class org.gradle.api.internal.classpath.UnknownModuleException                        : loaded 2 times (x 80B)
Class org.gradle.internal.service.ServiceLookupException                              : loaded 2 times (x 80B)
Class org.gradle.cache.GlobalCache                                                    : loaded 2 times (x 68B)
Class [Lorg.gradle.api.internal.ClassPathProvider;                                    : loaded 2 times (x 67B)
Class org.gradle.internal.operations.MultipleBuildOperationFailures                   : loaded 2 times (x 89B)
Class org.gradle.util.internal.GUtil                                                  : loaded 2 times (x 69B)
Class org.gradle.internal.classloader.ClassLoaderSpec                                 : loaded 2 times (x 69B)
Class org.gradle.internal.classloader.VisitableURLClassLoader                         : loaded 2 times (x 115B)
Class org.gradle.internal.Cast                                                        : loaded 2 times (x 69B)
Class org.gradle.api.internal.ClassPathRegistry                                       : loaded 2 times (x 68B)
Class org.gradle.internal.classloader.ClassLoaderHierarchy                            : loaded 2 times (x 68B)
Class org.gradle.internal.exceptions.MultiCauseException                              : loaded 2 times (x 68B)
Class org.gradle.internal.service.ServiceLocator                                      : loaded 2 times (x 68B)
Class org.gradle.internal.classpath.DefaultClassPath$ImmutableUniqueList              : loaded 2 times (x 159B)
Class org.gradle.internal.time.DefaultTimer                                           : loaded 2 times (x 78B)
Class sync_studio_tooling1_av114vrqxwnrc4jg5x0u51q5q                                  : loaded 2 times (x 177B)


---------------  S Y S T E M  ---------------

OS:
 Windows 10 , 64 bit Build 19041 (10.0.19041.3636)
OS uptime: 0 days 2:07 hours

CPU: total 4 (initial active 4) (2 cores per cpu, 2 threads per core) family 6 model 126 stepping 5 microcode 0xbc, cx8, cmov, fxsr, ht, mmx, 3dnowpref, sse, sse2, sse3, ssse3, sse4.1, sse4.2, popcnt, lzcnt, tsc, tscinvbit, avx, avx2, aes, erms, clmul, bmi1, bmi2, adx, avx512f, avx512dq, avx512cd, avx512bw, avx512vl, sha, fma, vzeroupper, avx512_vpopcntdq, avx512_vpclmulqdq, avx512_vaes, avx512_vnni, clflush, clflushopt, avx512_vbmi2, avx512_vbmi
Processor Information for all 4 processors :
  Max Mhz: 1190, Current Mhz: 1190, Mhz Limit: 1190

Memory: 4k page, system-wide physical 7879M (342M free)
TotalPageFile size 16071M (AvailPageFile size 15M)
current process WorkingSet (physical memory assigned to process): 308M, peak: 333M
current process commit charge ("private bytes"): 347M, peak: 378M

vm_info: OpenJDK 64-Bit Server VM (17.0.10+0--11572160) for windows-amd64 JRE (17.0.10+0--11572160), built on Mar 13 2024 23:56:38 by "androidbuild" with MS VC++ 16.10 / 16.11 (VS2019)

END.
